<?xml version="1.0" encoding="UTF-8"?>
<!-- Generated by org.testng.reporters.JUnitXMLReporter -->
<testsuite ignored="2" hostname="DESKTOP-3EITVAF" failures="0" tests="2" name="Test1" time="37.513" errors="0" timestamp="2022-08-19T11:35:27 IST">
  <testcase classname="org.practiceagain.test2" name="test" time="17.062"/>
  <testcase classname="org.practiceagain.test1" name="test" time="15.22"/>
  <testcase classname="com.java.generic.utility.BaseClass" name="@AfterSuite configAS" time="0.0">
    <ignored/>
  </testcase> <!-- @AfterSuite configAS -->
  <testcase classname="com.java.generic.utility.BaseClass" name="@BeforeSuite configBS" time="0.0">
    <ignored/>
  </testcase> <!-- @BeforeSuite configBS -->
</testsuite> <!-- Test1 -->
