<?xml version="1.0" encoding="UTF-8"?>
<!-- Generated by org.testng.reporters.JUnitXMLReporter -->
<testsuite ignored="2" hostname="DESKTOP-3EITVAF" failures="0" tests="2" name="Test1" time="22.761" errors="0" timestamp="2022-08-19T11:58:11 IST">
  <testcase classname="org.practiceagain.test3" name="test" time="4.885"/>
  <testcase classname="org.practiceagain.test4" name="test" time="2.841"/>
  <testcase classname="com.java.generic.utility.BaseClass" name="@AfterSuite configAS" time="0.0">
    <ignored/>
  </testcase> <!-- @AfterSuite configAS -->
  <testcase classname="com.java.generic.utility.BaseClass" name="@BeforeSuite configBS" time="0.0">
    <ignored/>
  </testcase> <!-- @BeforeSuite configBS -->
</testsuite> <!-- Test1 -->
